\BOOKMARK [0][-]{chapter*.1}{\376\377\122\115\000\040\000\040\212\000}{}% 1
\BOOKMARK [0][-]{chapter.1}{\376\377\147\011\164\006\145\160\174\373}{}% 2
\BOOKMARK [1][-]{section.1.1}{\376\377\201\352\161\066\145\160\124\214\226\366\377\014\122\006\145\160\123\312\133\203\116\354\166\204\217\320\173\227}{chapter.1}% 3
\BOOKMARK [2][-]{subsection.1.1.1}{\376\377\201\352\161\066\145\160\124\214\226\366\377\014\122\006\145\160\123\312\133\203\116\354\166\204\217\320\173\227}{section.1.1}% 4
\BOOKMARK [2][-]{subsection.1.1.2}{\376\377\201\352\161\066\145\160\124\214\226\366\166\204\217\320\173\227\140\047\215\050}{section.1.1}% 5
\BOOKMARK [2][-]{subsection.1.1.3}{\376\377\116\130\145\271\217\320\173\227\123\312\143\007\145\160\217\320\173\227\137\213}{section.1.1}% 6
\BOOKMARK [2][-]{subsection.1.1.4}{\376\377\122\006\145\160\123\312\121\166\217\320\173\227}{section.1.1}% 7
\BOOKMARK [2][-]{section*.145}{\376\377\116\140\230\230\0001\000.\0001}{section.1.1}% 8
\BOOKMARK [1][-]{section.1.2}{\376\377\147\011\164\006\145\160\166\204\141\017\116\111}{chapter.1}% 9
\BOOKMARK [2][-]{subsection.1.2.1}{\376\377\166\370\123\315\141\017\116\111\166\204\221\317}{section.1.2}% 10
\BOOKMARK [2][-]{subsection.1.2.2}{\376\377\153\143\145\160\124\214\215\037\145\160\060\001\166\370\123\315\145\160}{section.1.2}% 11
\BOOKMARK [2][-]{subsection.1.2.3}{\376\377\147\011\164\006\145\160\060\001\145\160\217\164}{section.1.2}% 12
\BOOKMARK [2][-]{section*.149}{\376\377\116\140\230\230\0001\000.\0002}{section.1.2}% 13
\BOOKMARK [1][-]{section.1.3}{\376\377\147\011\164\006\145\160\166\204\217\320\173\227}{chapter.1}% 14
\BOOKMARK [2][-]{subsection.1.3.1}{\376\377\147\011\164\006\145\160\166\204\122\240\154\325\116\016\121\317\154\325}{section.1.3}% 15
\BOOKMARK [2][-]{subsection.1.3.2}{\376\377\116\343\145\160\124\214}{section.1.3}% 16
\BOOKMARK [2][-]{subsection.1.3.3}{\376\377\147\011\164\006\145\160\166\204\116\130\154\325\116\016\226\144\154\325}{section.1.3}% 17
\BOOKMARK [2][-]{subsection.1.3.4}{\376\377\147\011\164\006\145\160\166\204\116\130\145\271}{section.1.3}% 18
\BOOKMARK [2][-]{subsection.1.3.5}{\376\377\147\011\164\006\145\160\166\204\155\367\124\010\217\320\173\227}{section.1.3}% 19
\BOOKMARK [2][-]{section*.300}{\376\377\116\140\230\230\0001\000.\0003}{section.1.3}% 20
\BOOKMARK [1][-]{section.1.4}{\376\377\147\011\164\006\145\160\174\373\166\204\127\372\147\054\140\047\215\050}{chapter.1}% 21
\BOOKMARK [2][-]{subsection.1.4.1}{\376\377\147\011\164\006\145\160\217\320\173\227\166\204\040\034\220\032\140\047\040\035}{section.1.4}% 22
\BOOKMARK [2][-]{subsection.1.4.2}{\376\377\147\011\164\006\145\160\166\204\131\047\134\017\230\172\136\217}{section.1.4}% 23
\BOOKMARK [2][-]{subsection.1.4.3}{\376\377\173\111\137\017\116\016\116\015\173\111\137\017\166\204\127\372\147\054\140\047\215\050}{section.1.4}% 24
\BOOKMARK [2][-]{section*.330}{\376\377\116\140\230\230\0001\000.\0004}{section.1.4}% 25
\BOOKMARK [1][-]{section*.332}{\376\377\131\015\116\140\230\230\116\000}{chapter.1}% 26
\BOOKMARK [0][-]{chapter.2}{\376\377\116\000\153\041\145\271\172\013\137\017}{}% 27
\BOOKMARK [1][-]{section.2.1}{\376\377\173\227\147\057\211\343\154\325\116\016\116\343\145\160\211\343\154\325}{chapter.2}% 28
\BOOKMARK [2][-]{subsection.2.1.1}{\376\377\116\044\171\315\211\343\154\325\166\204\122\006\147\220\060\001\133\371\153\324}{section.2.1}% 29
\BOOKMARK [2][-]{subsection.2.1.2}{\376\377\147\052\167\345\145\160\124\214\145\271\172\013\137\017}{section.2.1}% 30
\BOOKMARK [2][-]{subsection.2.1.3}{\376\377\145\271\172\013\166\204\211\343\116\016\211\343\145\271\172\013\166\204\123\237\164\006}{section.2.1}% 31
\BOOKMARK [2][-]{section*.379}{\376\377\116\140\230\230\0002\000.\0001}{section.2.1}% 32
\BOOKMARK [1][-]{section.2.2}{\376\377\116\000\121\103\116\000\153\041\145\271\172\013}{chapter.2}% 33
\BOOKMARK [2][-]{subsection.2.2.1}{\376\377\116\000\121\103\116\000\153\041\145\271\172\013}{section.2.2}% 34
\BOOKMARK [2][-]{subsection.2.2.2}{\376\377\116\000\121\103\116\000\153\041\145\271\172\013\166\204\211\343\154\325}{section.2.2}% 35
\BOOKMARK [2][-]{section*.426}{\376\377\116\140\230\230\0002\000.\0002}{section.2.2}% 36
\BOOKMARK [1][-]{section.2.3}{\376\377\116\000\153\041\145\271\172\013\176\304}{chapter.2}% 37
\BOOKMARK [2][-]{subsection.2.3.1}{\376\377\116\214\121\103\116\000\153\041\145\271\172\013}{section.2.3}% 38
\BOOKMARK [2][-]{subsection.2.3.2}{\376\377\145\271\172\013\176\304\116\016\145\271\172\013\176\304\166\204\211\343}{section.2.3}% 39
\BOOKMARK [2][-]{subsection.2.3.3}{\376\377\116\214\121\103\116\000\153\041\145\271\172\013\176\304\166\204\211\343\154\325}{section.2.3}% 40
\BOOKMARK [2][-]{subsection.2.3.4}{\376\377\116\011\121\103\116\000\153\041\145\271\172\013\176\304\123\312\121\166\211\343\154\325}{section.2.3}% 41
\BOOKMARK [2][-]{section*.430}{\376\377\116\140\230\230\0002\000.\0003}{section.2.3}% 42
\BOOKMARK [1][-]{section.2.4}{\376\377\211\343\136\224\165\050\225\356\230\230}{chapter.2}% 43
\BOOKMARK [2][-]{section*.431}{\376\377\116\140\230\230\0002\000.\0004}{section.2.4}% 44
\BOOKMARK [1][-]{section*.433}{\376\377\131\015\116\140\230\230\116\214}{chapter.2}% 45
\BOOKMARK [0][-]{chapter.3}{\376\377\116\000\121\103\116\214\153\041\145\271\172\013}{}% 46
\BOOKMARK [1][-]{section.3.1}{\376\377\136\163\145\271\116\016\136\163\145\271\150\071}{chapter.3}% 47
\BOOKMARK [2][-]{subsection.3.1.1}{\376\377\227\142\171\357\116\016\136\163\145\271}{section.3.1}% 48
\BOOKMARK [2][-]{subsection.3.1.2}{\376\377\136\163\145\271\150\071}{section.3.1}% 49
\BOOKMARK [2][-]{subsection.3.1.3}{\376\377\154\102\116\000\116\052\145\160\166\204\136\163\145\271\150\071}{section.3.1}% 50
\BOOKMARK [2][-]{subsection.3.1.4}{\376\377\133\236\145\160}{section.3.1}% 51
\BOOKMARK [2][-]{section*.448}{\376\377\116\140\230\230\0003\000.\0001}{section.3.1}% 52
\BOOKMARK [1][-]{section.3.2}{\376\377\136\163\145\271\150\071\166\204\217\320\173\227}{chapter.3}% 53
\BOOKMARK [2][-]{subsection.3.2.1}{\376\377\173\227\147\057\136\163\145\271\150\071\166\204\140\047\215\050}{section.3.2}% 54
\BOOKMARK [2][-]{subsection.3.2.2}{\376\377\173\227\147\057\136\163\145\271\150\071\166\204\116\130\060\001\226\144\217\320\173\227}{section.3.2}% 55
\BOOKMARK [2][-]{subsection.3.2.3}{\376\377\173\227\147\057\136\163\145\271\150\071\166\204\122\240\060\001\121\317\217\320\173\227}{section.3.2}% 56
\BOOKMARK [2][-]{section*.481}{\376\377\116\140\230\230\0003\000.\0002}{section.3.2}% 57
\BOOKMARK [1][-]{section.3.3}{\376\377\116\000\121\103\116\214\153\041\145\271\172\013\123\312\121\166\211\343\154\325}{chapter.3}% 58
\BOOKMARK [2][-]{subsection.3.3.1}{\376\377\116\000\121\103\116\214\153\041\145\271\172\013}{section.3.3}% 59
\BOOKMARK [2][-]{subsection.3.3.2}{\376\377\162\171\153\212\166\204\116\000\121\103\116\214\153\041\145\271\172\013\166\204\211\343\154\325}{section.3.3}% 60
\BOOKMARK [2][-]{subsection.3.3.3}{\376\377\116\000\202\054\166\204\116\000\121\103\116\214\153\041\145\271\172\013\166\204\211\343\154\325\040\024\040\024\221\115\145\271\154\325}{section.3.3}% 61
\BOOKMARK [2][-]{subsection.3.3.4}{\376\377\116\000\121\103\116\214\153\041\145\271\172\013\166\204\154\102\150\071\121\154\137\017}{section.3.3}% 62
\BOOKMARK [2][-]{subsection.3.3.5}{\376\377\116\000\121\103\116\214\153\041\145\271\172\013\150\071\166\204\122\044\122\053\137\017}{section.3.3}% 63
\BOOKMARK [2][-]{section*.535}{\376\377\116\140\230\230\0003\000.\0003}{section.3.3}% 64
\BOOKMARK [1][-]{section.3.4}{\376\377\211\343\136\224\165\050\225\356\230\230}{chapter.3}% 65
\BOOKMARK [2][-]{section*.538}{\376\377\116\140\230\230\0003\000.\0004}{section.3.4}% 66
\BOOKMARK [1][-]{section*.541}{\376\377\131\015\116\140\230\230\116\011}{chapter.3}% 67
